<?xml version="1.0" encoding="UTF-8"?>
<!-- Generated by org.testng.reporters.JUnitXMLReporter -->
<testsuite ignored="0" hostname="LAPTOP-2S8IRRID" failures="1" tests="2" name="TestNGAutomation" time="7.127" errors="0" timestamp="2024-01-05T12:04:04 PST">
  <testcase classname="com.listener.LoginTest" name="loginInvalidcred" time="0.748">
    <failure type="java.lang.AssertionError" message="null">
      <![CDATA[java.lang.AssertionError: null
at com.listener.LoginTest.loginInvalidcred(LoginTest.java:30)
at java.base/java.util.ArrayList.forEach(ArrayList.java:1596)
at com.intellij.rt.testng.IDEARemoteTestNG.run(IDEARemoteTestNG.java:65)
at com.intellij.rt.testng.RemoteTestNGStarter.main(RemoteTestNGStarter.java:105)
... Removed 24 stack frames]]>
    </failure>
  </testcase> <!-- loginInvalidcred -->
  <testcase classname="com.listener.LoginTest" name="loginvalidcred" time="0.635"/>
</testsuite> <!-- TestNGAutomation -->
